<?xml version="1.0" encoding="UTF-8"?>
<!-- Generated by org.testng.reporters.JUnitReportReporter -->
<testsuite hostname="MIIT-20171025HB" name="testng_before_after_class" tests="3" failures="0" timestamp="10 Apr 2019 07:38:28 GMT" time="0.001" errors="0">
  <testcase name="abc2" time="0.000" classname="testng_before_after_class"/>
  <testcase name="abc" time="0.001" classname="testng_before_after_class"/>
  <testcase name="abc1" time="0.000" classname="testng_before_after_class"/>
</testsuite>
